1654909941.275648 client started (1486845): version 3.2a, socket /tmp/tmux-1000/default, protocol 8
1654909941.275669 on Linux 5.4.0-113-generic #127-Ubuntu SMP Wed May 18 14:30:56 UTC 2022
1654909941.275674 using libevent 2.1.11-stable (poll); ncurses 6.2
1654909941.275687 flags are 0x10010000
1654909941.275691 socket is /tmp/tmux-1000/default
1654909941.275699 trying connect
1654909941.275737 add peer 0x5613152c45e0: 6 ((nil))
1654909941.275930 sending message 100 to peer 0x5613152c45e0 (4 bytes)
1654909941.275936 sending message 111 to peer 0x5613152c45e0 (8 bytes)
1654909941.275939 sending message 101 to peer 0x5613152c45e0 (16 bytes)
1654909941.275943 sending message 109 to peer 0x5613152c45e0 (4 bytes)
1654909941.275947 sending message 102 to peer 0x5613152c45e0 (11 bytes)
1654909941.275950 sending message 108 to peer 0x5613152c45e0 (29 bytes)
1654909941.275954 sending message 112 to peer 0x5613152c45e0 (70 bytes)
1654909941.275958 sending message 112 to peer 0x5613152c45e0 (5 bytes)
1654909941.275961 sending message 112 to peer 0x5613152c45e0 (5 bytes)
1654909941.275965 sending message 112 to peer 0x5613152c45e0 (6 bytes)
1654909941.275968 sending message 112 to peer 0x5613152c45e0 (6 bytes)
1654909941.275972 sending message 112 to peer 0x5613152c45e0 (11 bytes)
1654909941.275975 sending message 112 to peer 0x5613152c45e0 (10 bytes)
1654909941.275979 sending message 112 to peer 0x5613152c45e0 (13 bytes)
1654909941.275982 sending message 112 to peer 0x5613152c45e0 (13 bytes)
1654909941.275986 sending message 112 to peer 0x5613152c45e0 (18 bytes)
1654909941.275989 sending message 112 to peer 0x5613152c45e0 (11 bytes)
1654909941.275993 sending message 112 to peer 0x5613152c45e0 (21 bytes)
1654909941.275997 sending message 112 to peer 0x5613152c45e0 (13 bytes)
1654909941.276000 sending message 112 to peer 0x5613152c45e0 (7 bytes)
1654909941.276004 sending message 112 to peer 0x5613152c45e0 (13 bytes)
1654909941.276007 sending message 112 to peer 0x5613152c45e0 (7 bytes)
1654909941.276011 sending message 112 to peer 0x5613152c45e0 (13 bytes)
1654909941.276014 sending message 112 to peer 0x5613152c45e0 (9 bytes)
1654909941.276018 sending message 112 to peer 0x5613152c45e0 (21 bytes)
1654909941.276021 sending message 112 to peer 0x5613152c45e0 (13 bytes)
1654909941.276025 sending message 112 to peer 0x5613152c45e0 (8 bytes)
1654909941.276028 sending message 112 to peer 0x5613152c45e0 (12 bytes)
1654909941.276032 sending message 112 to peer 0x5613152c45e0 (13 bytes)
1654909941.276035 sending message 112 to peer 0x5613152c45e0 (9 bytes)
1654909941.276039 sending message 112 to peer 0x5613152c45e0 (9 bytes)
1654909941.276042 sending message 112 to peer 0x5613152c45e0 (12 bytes)
1654909941.276046 sending message 112 to peer 0x5613152c45e0 (8 bytes)
1654909941.276049 sending message 112 to peer 0x5613152c45e0 (7 bytes)
1654909941.276053 sending message 112 to peer 0x5613152c45e0 (7 bytes)
1654909941.276056 sending message 112 to peer 0x5613152c45e0 (9 bytes)
1654909941.276060 sending message 112 to peer 0x5613152c45e0 (13 bytes)
1654909941.276063 sending message 112 to peer 0x5613152c45e0 (9 bytes)
1654909941.276067 sending message 112 to peer 0x5613152c45e0 (15 bytes)
1654909941.276070 sending message 112 to peer 0x5613152c45e0 (13 bytes)
1654909941.276074 sending message 112 to peer 0x5613152c45e0 (12 bytes)
1654909941.276077 sending message 112 to peer 0x5613152c45e0 (8 bytes)
1654909941.276081 sending message 112 to peer 0x5613152c45e0 (14 bytes)
1654909941.276084 sending message 112 to peer 0x5613152c45e0 (9 bytes)
1654909941.276087 sending message 112 to peer 0x5613152c45e0 (10 bytes)
1654909941.276091 sending message 112 to peer 0x5613152c45e0 (10 bytes)
1654909941.276094 sending message 112 to peer 0x5613152c45e0 (10 bytes)
1654909941.276098 sending message 112 to peer 0x5613152c45e0 (10 bytes)
1654909941.276102 sending message 112 to peer 0x5613152c45e0 (11 bytes)
1654909941.276105 sending message 112 to peer 0x5613152c45e0 (10 bytes)
1654909941.276109 sending message 112 to peer 0x5613152c45e0 (8 bytes)
1654909941.276112 sending message 112 to peer 0x5613152c45e0 (11 bytes)
1654909941.276122 sending message 112 to peer 0x5613152c45e0 (11 bytes)
1654909941.276126 sending message 112 to peer 0x5613152c45e0 (11 bytes)
1654909941.276129 sending message 112 to peer 0x5613152c45e0 (8 bytes)
1654909941.276133 sending message 112 to peer 0x5613152c45e0 (8 bytes)
1654909941.276136 sending message 112 to peer 0x5613152c45e0 (8 bytes)
1654909941.276140 sending message 112 to peer 0x5613152c45e0 (10 bytes)
1654909941.276143 sending message 112 to peer 0x5613152c45e0 (10 bytes)
1654909941.276147 sending message 112 to peer 0x5613152c45e0 (10 bytes)
1654909941.276150 sending message 112 to peer 0x5613152c45e0 (10 bytes)
1654909941.276154 sending message 112 to peer 0x5613152c45e0 (10 bytes)
1654909941.276157 sending message 112 to peer 0x5613152c45e0 (11 bytes)
1654909941.276161 sending message 112 to peer 0x5613152c45e0 (11 bytes)
1654909941.276164 sending message 112 to peer 0x5613152c45e0 (10 bytes)
1654909941.276167 sending message 112 to peer 0x5613152c45e0 (9 bytes)
1654909941.276171 sending message 112 to peer 0x5613152c45e0 (9 bytes)
1654909941.276174 sending message 112 to peer 0x5613152c45e0 (12 bytes)
1654909941.276178 sending message 112 to peer 0x5613152c45e0 (9 bytes)
1654909941.276181 sending message 112 to peer 0x5613152c45e0 (6 bytes)
1654909941.276185 sending message 112 to peer 0x5613152c45e0 (8 bytes)
1654909941.276188 sending message 112 to peer 0x5613152c45e0 (15 bytes)
1654909941.276192 sending message 112 to peer 0x5613152c45e0 (13 bytes)
1654909941.276195 sending message 112 to peer 0x5613152c45e0 (70 bytes)
1654909941.276199 sending message 112 to peer 0x5613152c45e0 (69 bytes)
1654909941.276202 sending message 112 to peer 0x5613152c45e0 (10 bytes)
1654909941.276206 sending message 112 to peer 0x5613152c45e0 (8 bytes)
1654909941.276209 sending message 112 to peer 0x5613152c45e0 (15 bytes)
1654909941.276213 sending message 112 to peer 0x5613152c45e0 (13 bytes)
1654909941.276216 sending message 112 to peer 0x5613152c45e0 (10 bytes)
1654909941.276219 sending message 112 to peer 0x5613152c45e0 (10 bytes)
1654909941.276223 sending message 112 to peer 0x5613152c45e0 (5 bytes)
1654909941.276226 sending message 112 to peer 0x5613152c45e0 (15 bytes)
1654909941.276230 sending message 104 to peer 0x5613152c45e0 (0 bytes)
1654909941.276234 sending message 110 to peer 0x5613152c45e0 (0 bytes)
1654909941.276238 sending message 107 to peer 0x5613152c45e0 (4 bytes)
1654909941.276242 sending message 105 to peer 0x5613152c45e0 (41 bytes)
1654909941.276245 sending message 105 to peer 0x5613152c45e0 (58 bytes)
1654909941.276249 sending message 105 to peer 0x5613152c45e0 (20 bytes)
1654909941.276252 sending message 105 to peer 0x5613152c45e0 (54 bytes)
1654909941.276256 sending message 105 to peer 0x5613152c45e0 (51 bytes)
1654909941.276259 sending message 105 to peer 0x5613152c45e0 (23 bytes)
1654909941.276263 sending message 105 to peer 0x5613152c45e0 (11 bytes)
1654909941.276266 sending message 105 to peer 0x5613152c45e0 (40 bytes)
1654909941.276270 sending message 105 to peer 0x5613152c45e0 (18 bytes)
1654909941.276273 sending message 105 to peer 0x5613152c45e0 (68 bytes)
1654909941.276277 sending message 105 to peer 0x5613152c45e0 (38 bytes)
1654909941.276281 sending message 105 to peer 0x5613152c45e0 (24 bytes)
1654909941.276284 sending message 105 to peer 0x5613152c45e0 (33 bytes)
1654909941.276288 sending message 105 to peer 0x5613152c45e0 (44 bytes)
1654909941.276291 sending message 105 to peer 0x5613152c45e0 (32 bytes)
1654909941.276295 sending message 105 to peer 0x5613152c45e0 (21 bytes)
1654909941.276298 sending message 105 to peer 0x5613152c45e0 (52 bytes)
1654909941.276302 sending message 105 to peer 0x5613152c45e0 (28 bytes)
1654909941.276305 sending message 105 to peer 0x5613152c45e0 (19 bytes)
1654909941.276309 sending message 105 to peer 0x5613152c45e0 (18 bytes)
1654909941.276312 sending message 105 to peer 0x5613152c45e0 (47 bytes)
1654909941.276316 sending message 105 to peer 0x5613152c45e0 (24 bytes)
1654909941.276319 sending message 105 to peer 0x5613152c45e0 (17 bytes)
1654909941.276326 sending message 105 to peer 0x5613152c45e0 (23 bytes)
1654909941.276330 sending message 105 to peer 0x5613152c45e0 (30 bytes)
1654909941.276333 sending message 105 to peer 0x5613152c45e0 (27 bytes)
1654909941.276336 sending message 105 to peer 0x5613152c45e0 (24 bytes)
1654909941.276340 sending message 105 to peer 0x5613152c45e0 (20 bytes)
1654909941.276343 sending message 105 to peer 0x5613152c45e0 (23 bytes)
1654909941.276347 sending message 105 to peer 0x5613152c45e0 (21 bytes)
1654909941.276350 sending message 105 to peer 0x5613152c45e0 (25 bytes)
1654909941.276354 sending message 105 to peer 0x5613152c45e0 (20 bytes)
1654909941.276357 sending message 105 to peer 0x5613152c45e0 (34 bytes)
1654909941.276361 sending message 105 to peer 0x5613152c45e0 (32 bytes)
1654909941.276364 sending message 105 to peer 0x5613152c45e0 (35 bytes)
1654909941.276368 sending message 105 to peer 0x5613152c45e0 (16 bytes)
1654909941.276371 sending message 105 to peer 0x5613152c45e0 (94 bytes)
1654909941.276374 sending message 105 to peer 0x5613152c45e0 (16 bytes)
1654909941.276378 sending message 105 to peer 0x5613152c45e0 (54 bytes)
1654909941.276382 sending message 105 to peer 0x5613152c45e0 (17 bytes)
1654909941.276385 sending message 105 to peer 0x5613152c45e0 (1068 bytes)
1654909941.276405 sending message 105 to peer 0x5613152c45e0 (33 bytes)
1654909941.276408 sending message 105 to peer 0x5613152c45e0 (19 bytes)
1654909941.276412 sending message 105 to peer 0x5613152c45e0 (18 bytes)
1654909941.276416 sending message 105 to peer 0x5613152c45e0 (124 bytes)
1654909941.276419 sending message 105 to peer 0x5613152c45e0 (19 bytes)
1654909941.276423 sending message 105 to peer 0x5613152c45e0 (8 bytes)
1654909941.276426 sending message 105 to peer 0x5613152c45e0 (19 bytes)
1654909941.276430 sending message 105 to peer 0x5613152c45e0 (41 bytes)
1654909941.276433 sending message 105 to peer 0x5613152c45e0 (21 bytes)
1654909941.276437 sending message 105 to peer 0x5613152c45e0 (18 bytes)
1654909941.276440 sending message 105 to peer 0x5613152c45e0 (26 bytes)
1654909941.276444 sending message 105 to peer 0x5613152c45e0 (38 bytes)
1654909941.276447 sending message 105 to peer 0x5613152c45e0 (13 bytes)
1654909941.276451 sending message 105 to peer 0x5613152c45e0 (54 bytes)
1654909941.276454 sending message 105 to peer 0x5613152c45e0 (13 bytes)
1654909941.276457 sending message 105 to peer 0x5613152c45e0 (17 bytes)
1654909941.276461 sending message 105 to peer 0x5613152c45e0 (18 bytes)
1654909941.276464 sending message 105 to peer 0x5613152c45e0 (13 bytes)
1654909941.276468 sending message 105 to peer 0x5613152c45e0 (41 bytes)
1654909941.276471 sending message 105 to peer 0x5613152c45e0 (45 bytes)
1654909941.276475 sending message 105 to peer 0x5613152c45e0 (33 bytes)
1654909941.276479 sending message 105 to peer 0x5613152c45e0 (165 bytes)
1654909941.276482 sending message 105 to peer 0x5613152c45e0 (23 bytes)
1654909941.276485 sending message 105 to peer 0x5613152c45e0 (31 bytes)
1654909941.276489 sending message 105 to peer 0x5613152c45e0 (23 bytes)
1654909941.276492 sending message 105 to peer 0x5613152c45e0 (27 bytes)
1654909941.276496 sending message 105 to peer 0x5613152c45e0 (21 bytes)
1654909941.276499 sending message 105 to peer 0x5613152c45e0 (20 bytes)
1654909941.276503 sending message 105 to peer 0x5613152c45e0 (48 bytes)
1654909941.276506 sending message 105 to peer 0x5613152c45e0 (22 bytes)
1654909941.276510 sending message 105 to peer 0x5613152c45e0 (36 bytes)
1654909941.276513 sending message 105 to peer 0x5613152c45e0 (33 bytes)
1654909941.276517 sending message 105 to peer 0x5613152c45e0 (50 bytes)
1654909941.276520 sending message 105 to peer 0x5613152c45e0 (10 bytes)
1654909941.276524 sending message 105 to peer 0x5613152c45e0 (2218 bytes)
1654909941.276529 sending message 105 to peer 0x5613152c45e0 (32 bytes)
1654909941.276533 sending message 105 to peer 0x5613152c45e0 (17 bytes)
1654909941.276537 sending message 105 to peer 0x5613152c45e0 (21 bytes)
1654909941.276540 sending message 105 to peer 0x5613152c45e0 (46 bytes)
1654909941.276547 sending message 105 to peer 0x5613152c45e0 (49 bytes)
1654909941.276550 sending message 105 to peer 0x5613152c45e0 (21 bytes)
1654909941.276554 sending message 105 to peer 0x5613152c45e0 (48 bytes)
1654909941.276557 sending message 105 to peer 0x5613152c45e0 (29 bytes)
1654909941.276560 sending message 105 to peer 0x5613152c45e0 (29 bytes)
1654909941.276564 sending message 105 to peer 0x5613152c45e0 (35 bytes)
1654909941.276567 sending message 105 to peer 0x5613152c45e0 (43 bytes)
1654909941.276571 sending message 105 to peer 0x5613152c45e0 (39 bytes)
1654909941.276574 sending message 105 to peer 0x5613152c45e0 (21 bytes)
1654909941.276578 sending message 105 to peer 0x5613152c45e0 (42 bytes)
1654909941.276581 sending message 105 to peer 0x5613152c45e0 (38 bytes)
1654909941.276585 sending message 105 to peer 0x5613152c45e0 (35 bytes)
1654909941.276588 sending message 105 to peer 0x5613152c45e0 (67 bytes)
1654909941.276592 sending message 105 to peer 0x5613152c45e0 (25 bytes)
1654909941.276595 sending message 105 to peer 0x5613152c45e0 (17 bytes)
1654909941.276599 sending message 105 to peer 0x5613152c45e0 (19 bytes)
1654909941.276602 sending message 105 to peer 0x5613152c45e0 (67 bytes)
1654909941.276606 sending message 105 to peer 0x5613152c45e0 (68 bytes)
1654909941.276610 sending message 105 to peer 0x5613152c45e0 (89 bytes)
1654909941.276613 sending message 105 to peer 0x5613152c45e0 (105 bytes)
1654909941.276617 sending message 105 to peer 0x5613152c45e0 (44 bytes)
1654909941.276621 sending message 105 to peer 0x5613152c45e0 (16 bytes)
1654909941.276624 sending message 105 to peer 0x5613152c45e0 (46 bytes)
1654909941.276628 sending message 105 to peer 0x5613152c45e0 (17 bytes)
1654909941.276631 sending message 105 to peer 0x5613152c45e0 (24 bytes)
1654909941.276635 sending message 105 to peer 0x5613152c45e0 (27 bytes)
1654909941.276638 sending message 105 to peer 0x5613152c45e0 (30 bytes)
1654909941.276642 sending message 105 to peer 0x5613152c45e0 (55 bytes)
1654909941.276645 sending message 105 to peer 0x5613152c45e0 (30 bytes)
1654909941.276649 sending message 106 to peer 0x5613152c45e0 (0 bytes)
1654909941.276654 sending message 200 to peer 0x5613152c45e0 (4 bytes)
1654909941.276657 client loop enter
1654909941.277017 peer 0x5613152c45e0 message 303
1654909941.277022 open write file 2 -
1654909941.277029 sending message 305 to peer 0x5613152c45e0 (8 bytes)
1654909941.277036 write check file 2
1654909941.277096 peer 0x5613152c45e0 message 304
1654909941.277099 write 58 to file 2
1654909941.277104 peer 0x5613152c45e0 message 203
1654909941.277107 file 2 58 bytes left
1654909941.277118 write check file 2
1654909941.277122 client loop exit
